<?xml version="1.0" encoding="UTF-8" ?>
<testsuite tests="5" failures="0" name="runner.TestRunner" time="0.008" errors="0" skipped="0">
  <properties>
[...]
</properties>
  <testcase classname="Scenario: Login to Google" name="Given Launch Chrome" time="0.005"/>
  <testcase classname="Scenario: Login to Google" name="And Enter Search Criteria" time="0.003"/>
  <testcase classname="Scenario: Login to Google" name="When I press the Search button" time="0"/>
  <testcase classname="Scenario: Login to Google" name="Then I should be able to see search results" time="0"/>
  <testcase classname="Scenario: Login to Google" name="Scenario: Login to Google" time="0"/>
</testsuite>